This is pdfTeX, Version 3.14159265-2.6-1.40.18 (MiKTeX 2.9.6350 64-bit) (preloaded format=pdflatex 2017.9.6)  1 OCT 2017 14:02
entering extended mode
**./WitsCABS_Documentation.tex
(WitsCABS_Documentation.tex
LaTeX2e <2017-04-15>
Babel <3.10> and hyphenation patterns for 75 language(s) loaded.
("C:\Users\Jason\AppData\Local\Programs\MiKTeX 2.9\tex\latex\base\article.cls"
Document Class: article 2014/09/29 v1.4h Standard LaTeX document class
("C:\Users\Jason\AppData\Local\Programs\MiKTeX 2.9\tex\latex\base\size12.clo"
File: size12.clo 2014/09/29 v1.4h Standard LaTeX file (size option)
)
\c@part=\count79
\c@section=\count80
\c@subsection=\count81
\c@subsubsection=\count82
\c@paragraph=\count83
\c@subparagraph=\count84
\c@figure=\count85
\c@table=\count86
\abovecaptionskip=\skip41
\belowcaptionskip=\skip42
\bibindent=\dimen102
)
("C:\Users\Jason\AppData\Local\Programs\MiKTeX 2.9\tex\latex\graphics\graphicx.
sty"
Package: graphicx 2014/10/28 v1.0g Enhanced LaTeX Graphics (DPC,SPQR)

("C:\Users\Jason\AppData\Local\Programs\MiKTeX 2.9\tex\latex\graphics\keyval.st
y"
Package: keyval 2014/10/28 v1.15 key=value parser (DPC)
\KV@toks@=\toks14
)
("C:\Users\Jason\AppData\Local\Programs\MiKTeX 2.9\tex\latex\graphics\graphics.
sty"
Package: graphics 2017/04/14 v1.1b Standard LaTeX Graphics (DPC,SPQR)

("C:\Users\Jason\AppData\Local\Programs\MiKTeX 2.9\tex\latex\graphics\trig.sty"
Package: trig 2016/01/03 v1.10 sin cos tan (DPC)
)
("C:\Users\Jason\AppData\Local\Programs\MiKTeX 2.9\tex\latex\graphics-cfg\graph
ics.cfg"
File: graphics.cfg 2016/06/04 v1.11 sample graphics configuration
)
Package graphics Info: Driver file: pdftex.def on input line 99.

("C:\Users\Jason\AppData\Local\Programs\MiKTeX 2.9\tex\latex\graphics-def\pdfte
x.def"
File: pdftex.def 2017/01/12 v0.06k Graphics/color for pdfTeX

("C:\Users\Jason\AppData\Local\Programs\MiKTeX 2.9\tex\generic\oberdiek\infware
rr.sty"
Package: infwarerr 2016/05/16 v1.4 Providing info/warning/error messages (HO)
)
("C:\Users\Jason\AppData\Local\Programs\MiKTeX 2.9\tex\generic\oberdiek\ltxcmds
.sty"
Package: ltxcmds 2016/05/16 v1.23 LaTeX kernel commands for general use (HO)
)
\Gread@gobject=\count87
))
\Gin@req@height=\dimen103
\Gin@req@width=\dimen104
) (WitsCABS_Documentation.aux)
\openout1 = `WitsCABS_Documentation.aux'.

LaTeX Font Info:    Checking defaults for OML/cmm/m/it on input line 5.
LaTeX Font Info:    ... okay on input line 5.
LaTeX Font Info:    Checking defaults for T1/cmr/m/n on input line 5.
LaTeX Font Info:    ... okay on input line 5.
LaTeX Font Info:    Checking defaults for OT1/cmr/m/n on input line 5.
LaTeX Font Info:    ... okay on input line 5.
LaTeX Font Info:    Checking defaults for OMS/cmsy/m/n on input line 5.
LaTeX Font Info:    ... okay on input line 5.
LaTeX Font Info:    Checking defaults for OMX/cmex/m/n on input line 5.
LaTeX Font Info:    ... okay on input line 5.
LaTeX Font Info:    Checking defaults for U/cmr/m/n on input line 5.
LaTeX Font Info:    ... okay on input line 5.

("C:\Users\Jason\AppData\Local\Programs\MiKTeX 2.9\tex\context\base\supp-pdf.mk
ii"
[Loading MPS to PDF converter (version 2006.09.02).]
\scratchcounter=\count88
\scratchdimen=\dimen105
\scratchbox=\box26
\nofMPsegments=\count89
\nofMParguments=\count90
\everyMPshowfont=\toks15
\MPscratchCnt=\count91
\MPscratchDim=\dimen106
\MPnumerator=\count92
\makeMPintoPDFobject=\count93
\everyMPtoPDFconversion=\toks16
)
("C:\Users\Jason\AppData\Local\Programs\MiKTeX 2.9\tex\generic\oberdiek\pdftexc
mds.sty"
Package: pdftexcmds 2017/03/19 v0.25 Utility functions of pdfTeX for LuaTeX (HO
)

("C:\Users\Jason\AppData\Local\Programs\MiKTeX 2.9\tex\generic\oberdiek\ifluate
x.sty"
Package: ifluatex 2016/05/16 v1.4 Provides the ifluatex switch (HO)
Package ifluatex Info: LuaTeX not detected.
)
("C:\Users\Jason\AppData\Local\Programs\MiKTeX 2.9\tex\generic\oberdiek\ifpdf.s
ty"
Package: ifpdf 2017/03/15 v3.2 Provides the ifpdf switch
)
Package pdftexcmds Info: LuaTeX not detected.
Package pdftexcmds Info: \pdf@primitive is available.
Package pdftexcmds Info: \pdf@ifprimitive is available.
Package pdftexcmds Info: \pdfdraftmode found.
)
("C:\Users\Jason\AppData\Local\Programs\MiKTeX 2.9\tex\latex\oberdiek\epstopdf-
base.sty"
Package: epstopdf-base 2016/05/15 v2.6 Base part for package epstopdf

("C:\Users\Jason\AppData\Local\Programs\MiKTeX 2.9\tex\latex\oberdiek\grfext.st
y"
Package: grfext 2016/05/16 v1.2 Manage graphics extensions (HO)

("C:\Users\Jason\AppData\Local\Programs\MiKTeX 2.9\tex\generic\oberdiek\kvdefin
ekeys.sty"
Package: kvdefinekeys 2016/05/16 v1.4 Define keys (HO)
))
("C:\Users\Jason\AppData\Local\Programs\MiKTeX 2.9\tex\latex\oberdiek\kvoptions
.sty"
Package: kvoptions 2016/05/16 v3.12 Key value format for package options (HO)

("C:\Users\Jason\AppData\Local\Programs\MiKTeX 2.9\tex\generic\oberdiek\kvsetke
ys.sty"
Package: kvsetkeys 2016/05/16 v1.17 Key value parser (HO)

("C:\Users\Jason\AppData\Local\Programs\MiKTeX 2.9\tex\generic\oberdiek\etexcmd
s.sty"
Package: etexcmds 2016/05/16 v1.6 Avoid name clashes with e-TeX commands (HO)
Package etexcmds Info: Could not find \expanded.
(etexcmds)             That can mean that you are not using pdfTeX 1.50 or
(etexcmds)             that some package has redefined \expanded.
(etexcmds)             In the latter case, load this package earlier.
)))
Package epstopdf-base Info: Redefining graphics rule for `.eps' on input line 4
38.
Package grfext Info: Graphics extension search list:
(grfext)             [.png,.pdf,.jpg,.mps,.jpeg,.jbig2,.jb2,.PNG,.PDF,.JPG,.JPE
G,.JBIG2,.JB2,.eps]
(grfext)             \AppendGraphicsExtensions on input line 456.
)
LaTeX Font Info:    External font `cmex10' loaded for size
(Font)              <14.4> on input line 9.
LaTeX Font Info:    External font `cmex10' loaded for size
(Font)              <7> on input line 9.
 [1

{C:/Users/Jason/AppData/Local/MiKTeX/2.9/pdftex/config/pdftex.map}] (WitsCABS_D
ocumentation.toc
LaTeX Font Info:    External font `cmex10' loaded for size
(Font)              <12> on input line 2.
LaTeX Font Info:    External font `cmex10' loaded for size
(Font)              <8> on input line 2.
LaTeX Font Info:    External font `cmex10' loaded for size
(Font)              <6> on input line 2.
Missing character: There is no Â in font cmr12!
Missing character: There is no ’ in font cmr12!
 [2])
\tf@toc=\write3
\openout3 = `WitsCABS_Documentation.toc'.

 [3] [4]
Missing character: There is no Â in font cmr12!
Missing character: There is no “ in font cmr12!
Missing character: There is no Â in font cmr12!
Missing character: There is no ” in font cmr12!
Missing character: There is no Â in font cmr12!
Missing character: There is no “ in font cmr12!
Missing character: There is no Â in font cmr12!
Missing character: There is no ” in font cmr12!
Missing character: There is no Â in font cmr12!
Missing character: There is no “ in font cmr12!
Missing character: There is no Â in font cmr12!
Missing character: There is no ” in font cmr12!
Missing character: There is no Â in font cmr12!
Missing character: There is no ’ in font cmr12!

<images/user_flow.jpg, id=17, 579.66562pt x 508.90125pt>
File: images/user_flow.jpg Graphic file (type jpg)

<use images/user_flow.jpg>
Package pdftex.def Info: images/user_flow.jpg used on input line 28.
(pdftex.def)             Requested size: 405.76317pt x 356.22844pt.

Underfull \hbox (badness 10000) in paragraph at lines 24--30

 []


Underfull \hbox (badness 10000) in paragraph at lines 24--30

 []


Underfull \hbox (badness 10000) in paragraph at lines 24--30

 []


Overfull \hbox (15.76317pt too wide) in paragraph at lines 24--30
[]
 []

[5] [6 <./images/user_flow.jpg>] [7] [8]
Underfull \hbox (badness 10000) in paragraph at lines 48--50

 []


Underfull \hbox (badness 10000) in paragraph at lines 48--50

 []


Underfull \hbox (badness 10000) in paragraph at lines 48--50

 []


Underfull \hbox (badness 10000) in paragraph at lines 48--50

 []

[9] [10]
Underfull \hbox (badness 10000) in paragraph at lines 62--63

 []


Underfull \hbox (badness 10000) in paragraph at lines 62--63

 []

[11]
Missing character: There is no Â in font cmr12!
Missing character: There is no ’ in font cmr12!

Underfull \hbox (badness 10000) in paragraph at lines 65--68

 []


Underfull \hbox (badness 10000) in paragraph at lines 65--68

 []

[12]
Underfull \hbox (badness 10000) in paragraph at lines 70--73

 []


Underfull \hbox (badness 10000) in paragraph at lines 70--73

 []

[13]
Underfull \hbox (badness 10000) in paragraph at lines 75--79

 []

Missing character: There is no Â in font cmbx12!
Missing character: There is no ’ in font cmbx12!
Missing character: There is no Â in font cmr12!
Missing character: There is no ’ in font cmr12!

Underfull \hbox (badness 10000) in paragraph at lines 80--82

 []

[14] [15]
LaTeX Font Info:    Try loading font information for OMS+cmr on input line 95.

("C:\Users\Jason\AppData\Local\Programs\MiKTeX 2.9\tex\latex\base\omscmr.fd"
File: omscmr.fd 2014/09/29 v2.5h Standard LaTeX font definitions
)
LaTeX Font Info:    Font shape `OMS/cmr/m/n' in size <12> not available
(Font)              Font shape `OMS/cmsy/m/n' tried instead on input line 95.

[16] <images/Database_Diagram.png, id=57, 904.37875pt x 292.09125pt>
File: images/Database_Diagram.png Graphic file (type png)

<use images/Database_Diagram.png>
Package pdftex.def Info: images/Database_Diagram.png used on input line 125.
(pdftex.def)             Requested size: 452.18828pt x 146.04526pt.

Overfull \hbox (62.18828pt too wide) in paragraph at lines 125--127
[]
 []

<images/Server_UML.png, id=59, 908.39375pt x 498.86375pt>
File: images/Server_UML.png Graphic file (type png)

<use images/Server_UML.png>
Package pdftex.def Info: images/Server_UML.png used on input line 130.
(pdftex.def)             Requested size: 454.19577pt x 249.43126pt.

Overfull \hbox (64.19577pt too wide) in paragraph at lines 130--132
[]
 []

[17 <./images/Database_Diagram.png>] [18 <./images/Server_UML.png (PNG copy)>]
<images/CreateSequenceDiagram.png, id=67, 854.19125pt x 543.02875pt>
File: images/CreateSequenceDiagram.png Graphic file (type png)

<use images/CreateSequenceDiagram.png>
Package pdftex.def Info: images/CreateSequenceDiagram.png used on input line 13
4.
(pdftex.def)             Requested size: 427.09459pt x 271.5137pt.

<images/GetDataSequenceDiagram.png, id=68, 838.13126pt x 543.02875pt>
File: images/GetDataSequenceDiagram.png Graphic file (type png)

<use images/GetDataSequenceDiagram.png>
Package pdftex.def Info: images/GetDataSequenceDiagram.png used on input line 1
36.
(pdftex.def)             Requested size: 419.0646pt x 271.5137pt.

Overfull \hbox (37.09459pt too wide) in paragraph at lines 134--138
[]
 []


Overfull \hbox (29.0646pt too wide) in paragraph at lines 134--138
[]
 []

[19 <./images/CreateSequenceDiagram.png>]
<images/statemachinediagram.png, id=74, 684.5575pt x 108.405pt>
File: images/statemachinediagram.png Graphic file (type png)

<use images/statemachinediagram.png>
Package pdftex.def Info: images/statemachinediagram.png used on input line 140.

(pdftex.def)             Requested size: 342.27791pt x 54.20236pt.
 [20 <./images/GetDataSequenceDiagram.png> <./images/statemachinediagram.png>] 
[21]
<images/CallCenterSequence.png, id=83, 462.72874pt x 693.59125pt>
File: images/CallCenterSequence.png Graphic file (type png)

<use images/CallCenterSequence.png>
Package pdftex.def Info: images/CallCenterSequence.png used on input line 147.
(pdftex.def)             Requested size: 231.3638pt x 346.79477pt.
 [22 <./images/CallCenterSequence.png>]
<images/AndroidAppUML.jpg, id=88, 765.6103pt x 627.09282pt>
File: images/AndroidAppUML.jpg Graphic file (type jpg)

<use images/AndroidAppUML.jpg>
Package pdftex.def Info: images/AndroidAppUML.jpg used on input line 151.
(pdftex.def)             Requested size: 382.80421pt x 313.54564pt.
 [23 <./images/AndroidAppUML.jpg>] [24] [25]
Overfull \hbox (3.88582pt too wide) in paragraph at lines 217--228
[] 
 []


Underfull \hbox (badness 10000) in paragraph at lines 230--236

 []


Underfull \hbox (badness 10000) in paragraph at lines 230--236

 []


Underfull \hbox (badness 10000) in paragraph at lines 230--236

 []

[26] [27]
Overfull \hbox (3.88582pt too wide) in paragraph at lines 241--254
[] 
 []


Overfull \hbox (3.88582pt too wide) in paragraph at lines 265--273
[] 
 []

[28] [29] [30] [31] [32]
Missing character: There is no Â in font cmr12!
Missing character: There is no ’ in font cmr12!
 [33]
<images/Robert_Signature.jpg, id=124, 654.19406pt x 229.60782pt>
File: images/Robert_Signature.jpg Graphic file (type jpg)

<use images/Robert_Signature.jpg>
Package pdftex.def Info: images/Robert_Signature.jpg used on input line 340.
(pdftex.def)             Requested size: 78.4999pt x 27.55174pt.

<images/Rashad_Signature.jpg, id=125, 1045.65656pt x 551.81157pt>
File: images/Rashad_Signature.jpg Graphic file (type jpg)

<use images/Rashad_Signature.jpg>
Package pdftex.def Info: images/Rashad_Signature.jpg used on input line 342.
(pdftex.def)             Requested size: 83.65422pt x 44.14583pt.

<images/Amine_Signature.jpg, id=126, 2538.48375pt x 434.62375pt>
File: images/Amine_Signature.jpg Graphic file (type jpg)

<use images/Amine_Signature.jpg>
Package pdftex.def Info: images/Amine_Signature.jpg used on input line 344.
(pdftex.def)             Requested size: 126.93163pt x 21.73245pt.

<images/Jason_Signature.jpg, id=127, 1510.64375pt x 442.65375pt>
File: images/Jason_Signature.jpg Graphic file (type jpg)

<use images/Jason_Signature.jpg>
Package pdftex.def Info: images/Jason_Signature.jpg used on input line 346.
(pdftex.def)             Requested size: 75.5366pt x 22.13397pt.
 [34 <./images/Robert_Signature.jpg> <./images/Rashad_Signature.jpg> <./images/
Amine_Signature.jpg> <./images/Jason_Signature.jpg>] (WitsCABS_Documentation.au
x) ) 
Here is how much of TeX's memory you used:
 1574 strings out of 493323
 24325 string characters out of 3130016
 84861 words of memory out of 3000000
 5105 multiletter control sequences out of 15000+200000
 8808 words of font info for 31 fonts, out of 3000000 for 9000
 1141 hyphenation exceptions out of 8191
 39i,9n,25p,1696b,201s stack positions out of 5000i,500n,10000p,200000b,50000s
<C:/Users/Jason/AppData/Local/Programs/MiKTeX 2.9/fonts/type1/public/amsfon
ts/cm/cmbx12.pfb><C:/Users/Jason/AppData/Local/Programs/MiKTeX 2.9/fonts/type1/
public/amsfonts/cm/cmr12.pfb><C:/Users/Jason/AppData/Local/Programs/MiKTeX 2.9/
fonts/type1/public/amsfonts/cm/cmr17.pfb><C:/Users/Jason/AppData/Local/Programs
/MiKTeX 2.9/fonts/type1/public/amsfonts/cm/cmsy10.pfb>
Output written on WitsCABS_Documentation.pdf (34 pages, 902139 bytes).
PDF statistics:
 145 PDF objects out of 1000 (max. 8388607)
 0 named destinations out of 1000 (max. 500000)
 61 words of extra memory for PDF output out of 10000 (max. 10000000)

